GROUP,PACKAGE,CLASS,INSTRUCTION_MISSED,INSTRUCTION_COVERED,BRANCH_MISSED,BRANCH_COVERED,LINE_MISSED,LINE_COVERED,COMPLEXITY_MISSED,COMPLEXITY_COVERED,METHOD_MISSED,METHOD_COVERED
transaction-system,com.transaction.config,CacheConfig,13,0,0,0,2,0,2,0,2,0
transaction-system,com.transaction.service,TransactionService,0,87,0,6,0,16,0,7,0,4
transaction-system,com.transaction.exception,TransactionNotFoundException,0,4,0,0,0,2,0,1,0,1
transaction-system,com.transaction.exception,DuplicateTransactionException,0,4,0,0,0,2,0,1,0,1
transaction-system,com.transaction.exception,GlobalExceptionHandler,0,19,0,0,0,3,0,3,0,3
transaction-system,com.transaction.controller,TransactionController,0,43,0,0,0,9,0,5,0,5
transaction-system,com.transaction.model,Transaction,0,46,0,0,0,20,0,10,0,10
transaction-system,com.transaction,TransactionApplication,5,3,0,0,2,1,1,1,1,1
